
=== Sat Jan 13 13:03:59 2024

Packages were changed.
Update Mode: updateDependencies

The following packages were added:
  com.unity.2d.sprite@1.0.0
  com.unity.2d.tilemap@1.0.0
  com.unity.ads@4.4.2
  com.unity.analytics@3.8.1
  com.unity.ide.vscode@1.2.5
  com.unity.modules.ai@1.0.0
  com.unity.modules.androidjni@1.0.0
  com.unity.modules.animation@1.0.0
  com.unity.modules.assetbundle@1.0.0
  com.unity.modules.audio@1.0.0
  com.unity.modules.cloth@1.0.0
  com.unity.modules.director@1.0.0
  com.unity.modules.imageconversion@1.0.0
  com.unity.modules.imgui@1.0.0
  com.unity.modules.jsonserialize@1.0.0
  com.unity.modules.particlesystem@1.0.0
  com.unity.modules.physics@1.0.0
  com.unity.modules.physics2d@1.0.0
  com.unity.modules.screencapture@1.0.0
  com.unity.modules.terrain@1.0.0
  com.unity.modules.terrainphysics@1.0.0
  com.unity.modules.tilemap@1.0.0
  com.unity.modules.ui@1.0.0
  com.unity.modules.uielements@1.0.0
  com.unity.modules.umbra@1.0.0
  com.unity.modules.unityanalytics@1.0.0
  com.unity.modules.unitywebrequest@1.0.0
  com.unity.modules.unitywebrequestassetbundle@1.0.0
  com.unity.modules.unitywebrequestaudio@1.0.0
  com.unity.modules.unitywebrequesttexture@1.0.0
  com.unity.modules.unitywebrequestwww@1.0.0
  com.unity.modules.vehicles@1.0.0
  com.unity.modules.video@1.0.0
  com.unity.modules.vr@1.0.0
  com.unity.modules.wind@1.0.0
  com.unity.modules.xr@1.0.0
  com.unity.purchasing@4.9.3
  com.unity.xr.legacyinputhelpers@2.1.10
  com.unity.ai.navigation@1.1.5
The following packages were updated:
  com.unity.collab-proxy from version 2.0.0 to 2.2.0
  com.unity.feature.2d from version 1.0.0 to 2.0.0
  com.unity.ide.rider from version 3.0.18 to 3.0.27
  com.unity.ide.visualstudio from version 2.0.17 to 2.0.22
  com.unity.timeline from version 1.7.3 to 1.7.6
  com.unity.visualscripting from version 1.8.0 to 1.9.1

=== Tue Oct  8 19:00:27 2024

Packages were changed.
Update Mode: updateDependencies

The following packages were updated:
  com.unity.collab-proxy from version 2.2.0 to 2.3.1
  com.unity.feature.2d from version 2.0.0 to 2.0.1
  com.unity.ide.rider from version 3.0.27 to 3.0.28
  com.unity.purchasing from version 4.9.3 to 4.11.0
  com.unity.visualscripting from version 1.9.1 to 1.9.4

=== Tue Oct  8 19:23:28 2024

Packages were changed.
Update Mode: updateDependencies

The following packages were updated:
  com.unity.collab-proxy from version 2.2.0 to 2.5.1
  com.unity.feature.2d from version 2.0.0 to 2.0.1
  com.unity.ide.rider from version 3.0.27 to 3.0.31
  com.unity.purchasing from version 4.9.3 to 4.11.0
  com.unity.textmeshpro from version 3.0.6 to 3.0.7
  com.unity.visualscripting from version 1.9.1 to 1.9.4
  com.unity.xr.legacyinputhelpers from version 2.1.10 to 2.1.11

=== Sun Oct 13 22:02:59 2024

Packages were changed.
Update Mode: updateDependencies

The following packages were updated:
  com.unity.collab-proxy from version 2.5.1 to 2.5.2

=== Tue Oct 15 08:40:14 2024

Packages were changed.
Update Mode: updateDependencies

The following packages were updated:
  com.unity.collab-proxy from version 1.5.7 to 2.5.2
  com.unity.ide.rider from version 3.0.7 to 3.0.31
  com.unity.ide.visualstudio from version 2.0.9 to 2.0.22
  com.unity.ide.vscode from version 1.2.3 to 1.2.5
  com.unity.inputsystem from version 1.1.0-pre.5 to 1.11.0
  com.unity.test-framework from version 1.1.24 to 1.1.33
  com.unity.textmeshpro from version 3.0.6 to 3.0.7
  com.unity.timeline from version 1.5.5 to 1.7.6
  com.unity.visualscripting from version 1.6.1 to 1.9.4

=== Tue Oct 15 08:40:15 2024

Packages were changed.
Update Mode: mergeDefaultDependencies

The following packages were added:
  com.unity.inputsystem@1.11.0

=== Tue Oct 15 08:47:19 2024

Packages were changed.
Update Mode: updateDependencies

The following packages were updated:
  com.unity.collab-proxy from version 1.5.7 to 2.5.2
  com.unity.ide.rider from version 3.0.7 to 3.0.31
  com.unity.ide.visualstudio from version 2.0.9 to 2.0.22
  com.unity.ide.vscode from version 1.2.3 to 1.2.5
  com.unity.inputsystem from version 1.1.0-pre.5 to 1.11.0
  com.unity.test-framework from version 1.1.24 to 1.1.33
  com.unity.textmeshpro from version 3.0.6 to 3.0.7
  com.unity.timeline from version 1.5.5 to 1.7.6
  com.unity.visualscripting from version 1.6.1 to 1.9.4

=== Tue Oct 15 08:48:06 2024

Packages were changed.
Update Mode: updateDependencies

The following packages were updated:
  com.unity.collab-proxy from version 1.5.7 to 2.5.2
  com.unity.ide.rider from version 3.0.7 to 3.0.31
  com.unity.ide.visualstudio from version 2.0.9 to 2.0.22
  com.unity.ide.vscode from version 1.2.3 to 1.2.5
  com.unity.inputsystem from version 1.1.0-pre.5 to 1.11.0
  com.unity.test-framework from version 1.1.24 to 1.1.33
  com.unity.textmeshpro from version 3.0.6 to 3.0.7
  com.unity.timeline from version 1.5.5 to 1.7.6
  com.unity.visualscripting from version 1.6.1 to 1.9.4

=== Tue Oct 15 08:49:45 2024

Packages were changed.
Update Mode: updateDependencies

The following packages were updated:
  com.unity.collab-proxy from version 1.5.7 to 2.5.2
  com.unity.ide.rider from version 3.0.7 to 3.0.31
  com.unity.ide.visualstudio from version 2.0.9 to 2.0.22
  com.unity.ide.vscode from version 1.2.3 to 1.2.5
  com.unity.inputsystem from version 1.1.0-pre.5 to 1.11.0
  com.unity.test-framework from version 1.1.24 to 1.1.33
  com.unity.textmeshpro from version 3.0.6 to 3.0.7
  com.unity.timeline from version 1.5.5 to 1.7.6
  com.unity.visualscripting from version 1.6.1 to 1.9.4

=== Tue Oct 15 12:25:35 2024

Packages were changed.
Update Mode: updateDependencies

The following packages were updated:
  com.unity.burst from version 1.8.4 to 1.8.18
  com.unity.cinemachine from version 2.9.5 to 2.10.1
  com.unity.collab-proxy from version 2.5.1 to 2.5.2
  com.unity.ide.rider from version 3.0.21 to 3.0.31
  com.unity.ide.visualstudio from version 2.0.18 to 2.0.22
  com.unity.inputsystem from version 1.5.1 to 1.11.0
  com.unity.render-pipelines.core from version 14.0.7 to 14.0.11
  com.unity.render-pipelines.universal from version 14.0.7 to 14.0.11
  com.unity.shadergraph from version 14.0.7 to 14.0.11
  com.unity.textmeshpro from version 3.0.6 to 3.0.7
  com.unity.timeline from version 1.7.4 to 1.7.6
  com.unity.visualscripting from version 1.8.0 to 1.9.4

=== Tue Oct 15 12:25:35 2024

Packages were changed.
Update Mode: mergeDefaultDependencies

The following packages were added:
  com.unity.burst@1.8.18
  com.unity.cinemachine@2.10.1
  com.unity.ext.nunit@1.0.6
  com.unity.mathematics@1.2.6
  com.unity.render-pipelines.core@14.0.11
  com.unity.render-pipelines.universal@14.0.11
  com.unity.searcher@4.9.2
  com.unity.shadergraph@14.0.11
  com.unity.modules.subsystems@1.0.0

=== Tue Oct 15 19:29:30 2024

Packages were changed.
Update Mode: updateDependencies

The following packages were updated:
  com.unity.collab-proxy from version 1.2.16 to 2.5.2
  com.unity.ide.rider from version 1.1.4 to 3.0.31
  com.unity.ide.vscode from version 1.2.3 to 1.2.5
  com.unity.test-framework from version 1.1.22 to 1.1.33
  com.unity.textmeshpro from version 2.1.1 to 3.0.7
  com.unity.timeline from version 1.2.18 to 1.7.6
